mode: set
192.168.31.131/paas-crd/application/controllers/status.go:17.79,24.32 6 0
192.168.31.131/paas-crd/application/controllers/status.go:35.2,35.34 1 0
192.168.31.131/paas-crd/application/controllers/status.go:61.2,61.48 1 0
192.168.31.131/paas-crd/application/controllers/status.go:72.2,78.16 7 0
192.168.31.131/paas-crd/application/controllers/status.go:82.2,82.12 1 0
192.168.31.131/paas-crd/application/controllers/status.go:24.32,29.17 5 0
192.168.31.131/paas-crd/application/controllers/status.go:33.3,33.13 1 0
192.168.31.131/paas-crd/application/controllers/status.go:29.17,32.4 2 0
192.168.31.131/paas-crd/application/controllers/status.go:35.34,40.63 5 0
192.168.31.131/paas-crd/application/controllers/status.go:47.3,47.33 1 0
192.168.31.131/paas-crd/application/controllers/status.go:50.3,50.72 1 0
192.168.31.131/paas-crd/application/controllers/status.go:53.3,53.110 1 0
192.168.31.131/paas-crd/application/controllers/status.go:56.3,56.71 1 0
192.168.31.131/paas-crd/application/controllers/status.go:40.63,42.12 2 0
192.168.31.131/paas-crd/application/controllers/status.go:43.9,43.24 1 0
192.168.31.131/paas-crd/application/controllers/status.go:43.24,46.4 2 0
192.168.31.131/paas-crd/application/controllers/status.go:47.33,49.4 1 0
192.168.31.131/paas-crd/application/controllers/status.go:50.72,52.4 1 0
192.168.31.131/paas-crd/application/controllers/status.go:53.110,55.4 1 0
192.168.31.131/paas-crd/application/controllers/status.go:56.71,58.4 1 0
192.168.31.131/paas-crd/application/controllers/status.go:61.48,63.3 1 0
192.168.31.131/paas-crd/application/controllers/status.go:63.8,63.27 1 0
192.168.31.131/paas-crd/application/controllers/status.go:63.27,65.3 1 0
192.168.31.131/paas-crd/application/controllers/status.go:65.8,65.47 1 0
192.168.31.131/paas-crd/application/controllers/status.go:65.47,67.3 1 0
192.168.31.131/paas-crd/application/controllers/status.go:67.8,67.35 1 0
192.168.31.131/paas-crd/application/controllers/status.go:67.35,69.3 1 0
192.168.31.131/paas-crd/application/controllers/status.go:69.8,71.3 1 0
192.168.31.131/paas-crd/application/controllers/status.go:78.16,81.3 2 0
192.168.31.131/paas-crd/application/controllers/util.go:8.52,9.29 1 0
192.168.31.131/paas-crd/application/controllers/util.go:14.2,14.14 1 0
192.168.31.131/paas-crd/application/controllers/util.go:9.29,10.16 1 0
192.168.31.131/paas-crd/application/controllers/util.go:10.16,12.4 1 0
192.168.31.131/paas-crd/application/controllers/util.go:17.63,18.29 1 0
192.168.31.131/paas-crd/application/controllers/util.go:24.2,24.8 1 0
192.168.31.131/paas-crd/application/controllers/util.go:18.29,19.16 1 0
192.168.31.131/paas-crd/application/controllers/util.go:22.3,22.32 1 0
192.168.31.131/paas-crd/application/controllers/util.go:19.16,20.12 1 0
192.168.31.131/paas-crd/application/controllers/application_controller.go:58.82,65.16 6 0
192.168.31.131/paas-crd/application/controllers/application_controller.go:72.2,76.47 3 0
192.168.31.131/paas-crd/application/controllers/application_controller.go:115.2,116.48 2 0
192.168.31.131/paas-crd/application/controllers/application_controller.go:122.2,123.50 2 0
192.168.31.131/paas-crd/application/controllers/application_controller.go:129.2,130.45 2 0
192.168.31.131/paas-crd/application/controllers/application_controller.go:136.2,137.47 2 0
192.168.31.131/paas-crd/application/controllers/application_controller.go:142.2,143.27 2 0
192.168.31.131/paas-crd/application/controllers/application_controller.go:65.16,66.30 1 0
192.168.31.131/paas-crd/application/controllers/application_controller.go:69.3,70.28 2 0
192.168.31.131/paas-crd/application/controllers/application_controller.go:66.30,68.4 1 0
192.168.31.131/paas-crd/application/controllers/application_controller.go:76.47,79.64 1 0
192.168.31.131/paas-crd/application/controllers/application_controller.go:79.64,82.18 3 0
192.168.31.131/paas-crd/application/controllers/application_controller.go:82.18,84.5 1 0
192.168.31.131/paas-crd/application/controllers/application_controller.go:86.8,88.63 1 0
192.168.31.131/paas-crd/application/controllers/application_controller.go:88.63,94.18 5 0
192.168.31.131/paas-crd/application/controllers/application_controller.go:97.4,100.18 4 0
192.168.31.131/paas-crd/application/controllers/application_controller.go:104.4,110.29 5 0
192.168.31.131/paas-crd/application/controllers/application_controller.go:94.18,96.5 1 0
192.168.31.131/paas-crd/application/controllers/application_controller.go:100.18,103.5 2 0
192.168.31.131/paas-crd/application/controllers/application_controller.go:116.48,119.3 2 0
192.168.31.131/paas-crd/application/controllers/application_controller.go:123.50,126.3 2 0
192.168.31.131/paas-crd/application/controllers/application_controller.go:130.45,133.3 2 0
192.168.31.131/paas-crd/application/controllers/application_controller.go:137.47,140.3 2 0
192.168.31.131/paas-crd/application/controllers/application_controller.go:151.74,153.118 1 0
192.168.31.131/paas-crd/application/controllers/application_controller.go:168.2,171.14 1 0
192.168.31.131/paas-crd/application/controllers/application_controller.go:153.118,156.19 3 0
192.168.31.131/paas-crd/application/controllers/application_controller.go:160.3,160.66 1 0
192.168.31.131/paas-crd/application/controllers/application_controller.go:163.3,163.30 1 0
192.168.31.131/paas-crd/application/controllers/application_controller.go:156.19,158.4 1 0
192.168.31.131/paas-crd/application/controllers/application_controller.go:160.66,162.4 1 0
192.168.31.131/paas-crd/application/controllers/application_controller.go:164.17,166.3 1 0
192.168.31.131/paas-crd/application/controllers/delete.go:15.88,16.34 1 0
192.168.31.131/paas-crd/application/controllers/delete.go:38.2,38.12 1 0
192.168.31.131/paas-crd/application/controllers/delete.go:16.34,21.17 4 0
192.168.31.131/paas-crd/application/controllers/delete.go:31.3,32.17 2 0
192.168.31.131/paas-crd/application/controllers/delete.go:36.3,36.44 1 0
192.168.31.131/paas-crd/application/controllers/delete.go:21.17,23.18 2 0
192.168.31.131/paas-crd/application/controllers/delete.go:27.4,27.90 1 0
192.168.31.131/paas-crd/application/controllers/delete.go:23.18,26.5 2 0
192.168.31.131/paas-crd/application/controllers/delete.go:32.17,35.4 2 0
192.168.31.131/paas-crd/application/controllers/instance.go:22.81,24.34 2 0
192.168.31.131/paas-crd/application/controllers/instance.go:82.2,82.45 1 0
192.168.31.131/paas-crd/application/controllers/instance.go:24.34,28.17 3 0
192.168.31.131/paas-crd/application/controllers/instance.go:32.3,32.86 1 0
192.168.31.131/paas-crd/application/controllers/instance.go:37.3,42.44 4 0
192.168.31.131/paas-crd/application/controllers/instance.go:28.17,31.4 2 0
192.168.31.131/paas-crd/application/controllers/instance.go:32.86,35.4 2 0
192.168.31.131/paas-crd/application/controllers/instance.go:42.44,44.58 2 0
192.168.31.131/paas-crd/application/controllers/instance.go:44.58,47.5 2 0
192.168.31.131/paas-crd/application/controllers/instance.go:48.9,48.24 1 0
192.168.31.131/paas-crd/application/controllers/instance.go:48.24,52.4 2 0
192.168.31.131/paas-crd/application/controllers/instance.go:52.9,52.57 1 0
192.168.31.131/paas-crd/application/controllers/instance.go:52.57,55.53 1 0
192.168.31.131/paas-crd/application/controllers/instance.go:67.4,71.18 4 0
192.168.31.131/paas-crd/application/controllers/instance.go:75.4,76.125 2 0
192.168.31.131/paas-crd/application/controllers/instance.go:55.53,59.19 4 0
192.168.31.131/paas-crd/application/controllers/instance.go:63.5,65.15 3 0
192.168.31.131/paas-crd/application/controllers/instance.go:59.19,62.6 2 0
192.168.31.131/paas-crd/application/controllers/instance.go:71.18,74.5 2 0
192.168.31.131/paas-crd/application/controllers/instance.go:85.122,92.134 5 0
192.168.31.131/paas-crd/application/controllers/instance.go:97.2,97.49 1 0
192.168.31.131/paas-crd/application/controllers/instance.go:135.2,135.12 1 0
192.168.31.131/paas-crd/application/controllers/instance.go:92.134,95.3 2 0
192.168.31.131/paas-crd/application/controllers/instance.go:97.49,99.68 1 0
192.168.31.131/paas-crd/application/controllers/instance.go:99.68,105.18 4 0
192.168.31.131/paas-crd/application/controllers/instance.go:109.4,114.18 4 0
192.168.31.131/paas-crd/application/controllers/instance.go:122.4,126.18 3 0
192.168.31.131/paas-crd/application/controllers/instance.go:130.4,130.152 1 0
192.168.31.131/paas-crd/application/controllers/instance.go:105.18,108.5 2 0
192.168.31.131/paas-crd/application/controllers/instance.go:114.18,117.19 2 0
192.168.31.131/paas-crd/application/controllers/instance.go:117.19,120.6 2 0
192.168.31.131/paas-crd/application/controllers/instance.go:126.18,129.5 2 0
192.168.31.131/paas-crd/application/controllers/instance.go:138.98,140.19 2 0
192.168.31.131/paas-crd/application/controllers/instance.go:143.2,148.39 5 0
192.168.31.131/paas-crd/application/controllers/instance.go:151.2,165.20 5 0
192.168.31.131/paas-crd/application/controllers/instance.go:140.19,142.3 1 0
192.168.31.131/paas-crd/application/controllers/instance.go:148.39,150.3 1 0
192.168.31.131/paas-crd/application/controllers/proxy.go:25.78,26.34 1 0
192.168.31.131/paas-crd/application/controllers/proxy.go:143.2,143.12 1 0
192.168.31.131/paas-crd/application/controllers/proxy.go:26.34,30.37 2 0
192.168.31.131/paas-crd/application/controllers/proxy.go:35.3,38.30 3 0
192.168.31.131/paas-crd/application/controllers/proxy.go:49.3,51.17 3 0
192.168.31.131/paas-crd/application/controllers/proxy.go:55.3,55.31 1 0
192.168.31.131/paas-crd/application/controllers/proxy.go:59.3,61.17 3 0
192.168.31.131/paas-crd/application/controllers/proxy.go:65.3,65.31 1 0
192.168.31.131/paas-crd/application/controllers/proxy.go:70.3,72.48 2 0
192.168.31.131/paas-crd/application/controllers/proxy.go:107.3,108.48 2 0
192.168.31.131/paas-crd/application/controllers/proxy.go:30.37,33.4 1 0
192.168.31.131/paas-crd/application/controllers/proxy.go:38.30,39.41 1 0
192.168.31.131/paas-crd/application/controllers/proxy.go:39.41,40.59 1 0
192.168.31.131/paas-crd/application/controllers/proxy.go:40.59,42.6 1 0
192.168.31.131/paas-crd/application/controllers/proxy.go:42.11,42.66 1 0
192.168.31.131/paas-crd/application/controllers/proxy.go:42.66,44.6 1 0
192.168.31.131/paas-crd/application/controllers/proxy.go:51.17,54.4 2 0
192.168.31.131/paas-crd/application/controllers/proxy.go:55.31,57.4 1 0
192.168.31.131/paas-crd/application/controllers/proxy.go:61.17,64.4 2 0
192.168.31.131/paas-crd/application/controllers/proxy.go:65.31,67.4 1 0
192.168.31.131/paas-crd/application/controllers/proxy.go:72.48,75.33 2 0
192.168.31.131/paas-crd/application/controllers/proxy.go:80.4,80.33 1 0
192.168.31.131/paas-crd/application/controllers/proxy.go:89.4,89.28 1 0
192.168.31.131/paas-crd/application/controllers/proxy.go:95.4,96.18 2 0
192.168.31.131/paas-crd/application/controllers/proxy.go:100.4,102.61 2 0
192.168.31.131/paas-crd/application/controllers/proxy.go:75.33,77.5 1 0
192.168.31.131/paas-crd/application/controllers/proxy.go:80.33,82.16 2 0
192.168.31.131/paas-crd/application/controllers/proxy.go:82.16,85.6 2 0
192.168.31.131/paas-crd/application/controllers/proxy.go:89.28,90.41 1 0
192.168.31.131/paas-crd/application/controllers/proxy.go:90.41,92.6 1 0
192.168.31.131/paas-crd/application/controllers/proxy.go:96.18,99.5 2 0
192.168.31.131/paas-crd/application/controllers/proxy.go:108.48,111.30 2 0
192.168.31.131/paas-crd/application/controllers/proxy.go:116.4,116.33 1 0
192.168.31.131/paas-crd/application/controllers/proxy.go:124.4,124.28 1 0
192.168.31.131/paas-crd/application/controllers/proxy.go:130.4,131.18 2 0
192.168.31.131/paas-crd/application/controllers/proxy.go:137.4,138.61 2 0
192.168.31.131/paas-crd/application/controllers/proxy.go:111.30,113.5 1 0
192.168.31.131/paas-crd/application/controllers/proxy.go:116.33,118.16 2 0
192.168.31.131/paas-crd/application/controllers/proxy.go:118.16,121.6 2 0
192.168.31.131/paas-crd/application/controllers/proxy.go:124.28,125.41 1 0
192.168.31.131/paas-crd/application/controllers/proxy.go:125.41,127.6 1 0
192.168.31.131/paas-crd/application/controllers/proxy.go:131.18,136.5 3 0
192.168.31.131/paas-crd/application/controllers/proxy.go:146.81,151.16 3 0
192.168.31.131/paas-crd/application/controllers/proxy.go:156.2,158.16 3 0
192.168.31.131/paas-crd/application/controllers/proxy.go:164.2,168.23 3 0
192.168.31.131/paas-crd/application/controllers/proxy.go:173.2,173.23 1 0
192.168.31.131/paas-crd/application/controllers/proxy.go:178.2,179.16 2 0
192.168.31.131/paas-crd/application/controllers/proxy.go:183.2,184.16 2 0
192.168.31.131/paas-crd/application/controllers/proxy.go:188.2,188.12 1 0
192.168.31.131/paas-crd/application/controllers/proxy.go:151.16,154.3 2 0
192.168.31.131/paas-crd/application/controllers/proxy.go:158.16,161.3 2 0
192.168.31.131/paas-crd/application/controllers/proxy.go:168.23,169.29 1 0
192.168.31.131/paas-crd/application/controllers/proxy.go:169.29,171.4 1 0
192.168.31.131/paas-crd/application/controllers/proxy.go:173.23,174.29 1 0
192.168.31.131/paas-crd/application/controllers/proxy.go:174.29,176.4 1 0
192.168.31.131/paas-crd/application/controllers/proxy.go:179.16,182.3 2 0
192.168.31.131/paas-crd/application/controllers/proxy.go:184.16,187.3 2 0
192.168.31.131/paas-crd/application/controllers/proxy.go:191.117,193.47 2 0
192.168.31.131/paas-crd/application/controllers/proxy.go:196.2,196.45 1 0
192.168.31.131/paas-crd/application/controllers/proxy.go:206.2,206.8 1 0
192.168.31.131/paas-crd/application/controllers/proxy.go:193.47,195.3 1 0
192.168.31.131/paas-crd/application/controllers/proxy.go:196.45,202.47 3 0
192.168.31.131/paas-crd/application/controllers/proxy.go:202.47,204.4 1 0
192.168.31.131/paas-crd/application/controllers/service.go:22.76,23.34 1 0
192.168.31.131/paas-crd/application/controllers/service.go:91.2,91.12 1 0
192.168.31.131/paas-crd/application/controllers/service.go:23.34,29.63 4 0
192.168.31.131/paas-crd/application/controllers/service.go:38.3,39.17 2 0
192.168.31.131/paas-crd/application/controllers/service.go:45.3,46.35 2 0
192.168.31.131/paas-crd/application/controllers/service.go:61.3,62.44 2 0
192.168.31.131/paas-crd/application/controllers/service.go:29.63,31.12 2 0
192.168.31.131/paas-crd/application/controllers/service.go:32.9,32.24 1 0
192.168.31.131/paas-crd/application/controllers/service.go:32.24,35.4 2 0
192.168.31.131/paas-crd/application/controllers/service.go:39.17,42.4 2 0
192.168.31.131/paas-crd/application/controllers/service.go:46.35,49.18 3 0
192.168.31.131/paas-crd/application/controllers/service.go:57.4,57.14 1 0
192.168.31.131/paas-crd/application/controllers/service.go:49.18,51.19 2 0
192.168.31.131/paas-crd/application/controllers/service.go:55.5,55.91 1 0
192.168.31.131/paas-crd/application/controllers/service.go:51.19,54.6 2 0
192.168.31.131/paas-crd/application/controllers/service.go:62.44,63.22 1 0
192.168.31.131/paas-crd/application/controllers/service.go:63.22,65.61 2 0
192.168.31.131/paas-crd/application/controllers/service.go:69.5,69.152 1 0
192.168.31.131/paas-crd/application/controllers/service.go:65.61,68.6 2 0
192.168.31.131/paas-crd/application/controllers/service.go:72.9,72.24 1 0
192.168.31.131/paas-crd/application/controllers/service.go:72.24,75.4 2 0
192.168.31.131/paas-crd/application/controllers/service.go:75.9,75.61 1 0
192.168.31.131/paas-crd/application/controllers/service.go:75.61,81.18 5 0
192.168.31.131/paas-crd/application/controllers/service.go:85.4,85.170 1 0
192.168.31.131/paas-crd/application/controllers/service.go:81.18,84.5 2 0
192.168.31.131/paas-crd/application/controllers/service.go:94.72,101.65 7 0
192.168.31.131/paas-crd/application/controllers/service.go:117.2,122.17 6 0
192.168.31.131/paas-crd/application/controllers/service.go:101.65,102.40 1 0
192.168.31.131/paas-crd/application/controllers/service.go:102.40,115.4 3 0
